Best Saved
VICTORY!!!, LOTZ : 9, Optimum Reward : 9
VICTORY!!!, LOTZ : 9, Optimum Reward : 9
VICTORY!!!, LOTZ : 9, Optimum Reward : 9
VICTORY!!!, LOTZ : 9, Optimum Reward : 9
VICTORY!!!, LOTZ : 9, Optimum Reward : 9
VICTORY!!!, LOTZ : 9, Optimum Reward : 9
VICTORY!!!, LOTZ : 9, Optimum Reward : 9
VICTORY!!!, LOTZ : 9, Optimum Reward : 9
VICTORY!!!, LOTZ : 9, Optimum Reward : 9
VICTORY!!!, LOTZ : 9, Optimum Reward : 9
VICTORY!!!, LOTZ : 9, Optimum Reward : 9
VICTORY!!!, LOTZ : 9, Optimum Reward : 9
VICTORY!!!, LOTZ : 9, Optimum Reward : 9
VICTORY!!!, LOTZ : 9, Optimum Reward : 9
VICTORY!!!, LOTZ : 9, Optimum Reward : 9
VICTORY!!!, LOTZ : 9, Optimum Reward : 9
VICTORY!!!, LOTZ : 9, Optimum Reward : 9
VICTORY!!!, LOTZ : 9, Optimum Reward : 9
VICTORY!!!, LOTZ : 9, Optimum Reward : 9
VICTORY!!!, LOTZ : 9, Optimum Reward : 9
VICTORY!!!, LOTZ : 9, Optimum Reward : 9
VICTORY!!!, LOTZ : 9, Optimum Reward : 9
VICTORY!!!, LOTZ : 9, Optimum Reward : 9
Epoch #1:   7%|6         | 1200/18000 [00:02<00:36, 458.54it/s, agent0/loss=4.587, env_step=1200, gradient_step=20, len=5, n/ep=105, n/st=600, rew=3.20]
VICTORY!!!, LOTZ : 9, Optimum Reward : 9
VICTORY!!!, LOTZ : 9, Optimum Reward : 9
VICTORY!!!, LOTZ : 9, Optimum Reward : 9
VICTORY!!!, LOTZ : 9, Optimum Reward : 9
VICTORY!!!, LOTZ : 9, Optimum Reward : 9
VICTORY!!!, LOTZ : 9, Optimum Reward : 9
VICTORY!!!, LOTZ : 9, Optimum Reward : 9
VICTORY!!!, LOTZ : 9, Optimum Reward : 9
VICTORY!!!, LOTZ : 9, Optimum Reward : 9
VICTORY!!!, LOTZ : 9, Optimum Reward : 9
VICTORY!!!, LOTZ : 9, Optimum Reward : 9
VICTORY!!!, LOTZ : 9, Optimum Reward : 9
VICTORY!!!, LOTZ : 9, Optimum Reward : 9
VICTORY!!!, LOTZ : 9, Optimum Reward : 9
VICTORY!!!, LOTZ : 9, Optimum Reward : 9
VICTORY!!!, LOTZ : 9, Optimum Reward : 9
VICTORY!!!, LOTZ : 9, Optimum Reward : 9
VICTORY!!!, LOTZ : 9, Optimum Reward : 9
VICTORY!!!, LOTZ : 9, Optimum Reward : 9
VICTORY!!!, LOTZ : 9, Optimum Reward : 9
VICTORY!!!, LOTZ : 9, Optimum Reward : 9
VICTORY!!!, LOTZ : 9, Optimum Reward : 9
VICTORY!!!, LOTZ : 9, Optimum Reward : 9
VICTORY!!!, LOTZ : 9, Optimum Reward : 9
VICTORY!!!, LOTZ : 9, Optimum Reward : 9
VICTORY!!!, LOTZ : 9, Optimum Reward : 9
VICTORY!!!, LOTZ : 9, Optimum Reward : 9
VICTORY!!!, LOTZ : 9, Optimum Reward : 9
VICTORY!!!, LOTZ : 9, Optimum Reward : 9
VICTORY!!!, LOTZ : 9, Optimum Reward : 9

Epoch #1:  20%|##        | 3600/18000 [00:04<00:14, 961.20it/s, agent0/loss=5.271, env_step=3600, gradient_step=60, len=5, n/ep=102, n/st=600, rew=2.26]
VICTORY!!!, LOTZ : 9, Optimum Reward : 9
VICTORY!!!, LOTZ : 9, Optimum Reward : 9
VICTORY!!!, LOTZ : 9, Optimum Reward : 9
VICTORY!!!, LOTZ : 9, Optimum Reward : 9
VICTORY!!!, LOTZ : 9, Optimum Reward : 9
VICTORY!!!, LOTZ : 9, Optimum Reward : 9
VICTORY!!!, LOTZ : 9, Optimum Reward : 9
VICTORY!!!, LOTZ : 9, Optimum Reward : 9
VICTORY!!!, LOTZ : 9, Optimum Reward : 9
VICTORY!!!, LOTZ : 9, Optimum Reward : 9
VICTORY!!!, LOTZ : 9, Optimum Reward : 9
VICTORY!!!, LOTZ : 9, Optimum Reward : 9
VICTORY!!!, LOTZ : 9, Optimum Reward : 9
VICTORY!!!, LOTZ : 9, Optimum Reward : 9
VICTORY!!!, LOTZ : 9, Optimum Reward : 9
VICTORY!!!, LOTZ : 9, Optimum Reward : 9
VICTORY!!!, LOTZ : 9, Optimum Reward : 9
VICTORY!!!, LOTZ : 9, Optimum Reward : 9
VICTORY!!!, LOTZ : 9, Optimum Reward : 9
VICTORY!!!, LOTZ : 9, Optimum Reward : 9
VICTORY!!!, LOTZ : 9, Optimum Reward : 9
VICTORY!!!, LOTZ : 9, Optimum Reward : 9
VICTORY!!!, LOTZ : 9, Optimum Reward : 9
VICTORY!!!, LOTZ : 9, Optimum Reward : 9
VICTORY!!!, LOTZ : 9, Optimum Reward : 9
VICTORY!!!, LOTZ : 9, Optimum Reward : 9
VICTORY!!!, LOTZ : 9, Optimum Reward : 9
VICTORY!!!, LOTZ : 9, Optimum Reward : 9
VICTORY!!!, LOTZ : 9, Optimum Reward : 9
VICTORY!!!, LOTZ : 9, Optimum Reward : 9
VICTORY!!!, LOTZ : 9, Optimum Reward : 9
VICTORY!!!, LOTZ : 9, Optimum Reward : 9
VICTORY!!!, LOTZ : 9, Optimum Reward : 9
VICTORY!!!, LOTZ : 9, Optimum Reward : 9
VICTORY!!!, LOTZ : 9, Optimum Reward : 9
VICTORY!!!, LOTZ : 9, Optimum Reward : 9


Epoch #1:  43%|####3     | 7800/18000 [00:08<00:09, 1083.22it/s, agent0/loss=5.517, env_step=7800, gradient_step=130, len=5, n/ep=103, n/st=600, rew=2.87]
VICTORY!!!, LOTZ : 9, Optimum Reward : 9
VICTORY!!!, LOTZ : 9, Optimum Reward : 9
VICTORY!!!, LOTZ : 9, Optimum Reward : 9
VICTORY!!!, LOTZ : 9, Optimum Reward : 9
VICTORY!!!, LOTZ : 9, Optimum Reward : 9
VICTORY!!!, LOTZ : 9, Optimum Reward : 9
VICTORY!!!, LOTZ : 9, Optimum Reward : 9
VICTORY!!!, LOTZ : 9, Optimum Reward : 9
VICTORY!!!, LOTZ : 9, Optimum Reward : 9
VICTORY!!!, LOTZ : 9, Optimum Reward : 9
VICTORY!!!, LOTZ : 9, Optimum Reward : 9
VICTORY!!!, LOTZ : 9, Optimum Reward : 9
VICTORY!!!, LOTZ : 9, Optimum Reward : 9
VICTORY!!!, LOTZ : 9, Optimum Reward : 9
VICTORY!!!, LOTZ : 9, Optimum Reward : 9
VICTORY!!!, LOTZ : 9, Optimum Reward : 9
VICTORY!!!, LOTZ : 9, Optimum Reward : 9
VICTORY!!!, LOTZ : 9, Optimum Reward : 9
VICTORY!!!, LOTZ : 9, Optimum Reward : 9
VICTORY!!!, LOTZ : 9, Optimum Reward : 9
VICTORY!!!, LOTZ : 9, Optimum Reward : 9
VICTORY!!!, LOTZ : 9, Optimum Reward : 9
VICTORY!!!, LOTZ : 9, Optimum Reward : 9
VICTORY!!!, LOTZ : 9, Optimum Reward : 9
VICTORY!!!, LOTZ : 9, Optimum Reward : 9
VICTORY!!!, LOTZ : 9, Optimum Reward : 9
VICTORY!!!, LOTZ : 9, Optimum Reward : 9
VICTORY!!!, LOTZ : 9, Optimum Reward : 9
VICTORY!!!, LOTZ : 9, Optimum Reward : 9

Epoch #1:  57%|#####6    | 10200/18000 [00:10<00:06, 1158.53it/s, agent0/loss=5.553, env_step=10200, gradient_step=170, len=5, n/ep=104, n/st=600, rew=3.94]
VICTORY!!!, LOTZ : 9, Optimum Reward : 9
VICTORY!!!, LOTZ : 9, Optimum Reward : 9
VICTORY!!!, LOTZ : 9, Optimum Reward : 9
VICTORY!!!, LOTZ : 9, Optimum Reward : 9
VICTORY!!!, LOTZ : 9, Optimum Reward : 9
VICTORY!!!, LOTZ : 9, Optimum Reward : 9
VICTORY!!!, LOTZ : 9, Optimum Reward : 9
VICTORY!!!, LOTZ : 9, Optimum Reward : 9
VICTORY!!!, LOTZ : 9, Optimum Reward : 9
VICTORY!!!, LOTZ : 9, Optimum Reward : 9
VICTORY!!!, LOTZ : 9, Optimum Reward : 9
VICTORY!!!, LOTZ : 9, Optimum Reward : 9
VICTORY!!!, LOTZ : 9, Optimum Reward : 9
VICTORY!!!, LOTZ : 9, Optimum Reward : 9
VICTORY!!!, LOTZ : 9, Optimum Reward : 9
VICTORY!!!, LOTZ : 9, Optimum Reward : 9
VICTORY!!!, LOTZ : 9, Optimum Reward : 9
VICTORY!!!, LOTZ : 9, Optimum Reward : 9
VICTORY!!!, LOTZ : 9, Optimum Reward : 9
VICTORY!!!, LOTZ : 9, Optimum Reward : 9
VICTORY!!!, LOTZ : 9, Optimum Reward : 9
VICTORY!!!, LOTZ : 9, Optimum Reward : 9
VICTORY!!!, LOTZ : 9, Optimum Reward : 9
VICTORY!!!, LOTZ : 9, Optimum Reward : 9
VICTORY!!!, LOTZ : 9, Optimum Reward : 9
VICTORY!!!, LOTZ : 9, Optimum Reward : 9
VICTORY!!!, LOTZ : 9, Optimum Reward : 9
VICTORY!!!, LOTZ : 9, Optimum Reward : 9
VICTORY!!!, LOTZ : 9, Optimum Reward : 9
VICTORY!!!, LOTZ : 9, Optimum Reward : 9
VICTORY!!!, LOTZ : 9, Optimum Reward : 9
VICTORY!!!, LOTZ : 9, Optimum Reward : 9
VICTORY!!!, LOTZ : 9, Optimum Reward : 9
VICTORY!!!, LOTZ : 9, Optimum Reward : 9
VICTORY!!!, LOTZ : 9, Optimum Reward : 9
VICTORY!!!, LOTZ : 9, Optimum Reward : 9
VICTORY!!!, LOTZ : 9, Optimum Reward : 9
VICTORY!!!, LOTZ : 9, Optimum Reward : 9
VICTORY!!!, LOTZ : 9, Optimum Reward : 9
VICTORY!!!, LOTZ : 9, Optimum Reward : 9

Epoch #1:  70%|#######   | 12600/18000 [00:12<00:04, 1174.51it/s, agent0/loss=5.476, env_step=12600, gradient_step=210, len=5, n/ep=109, n/st=600, rew=4.09]
VICTORY!!!, LOTZ : 9, Optimum Reward : 9
VICTORY!!!, LOTZ : 9, Optimum Reward : 9
VICTORY!!!, LOTZ : 9, Optimum Reward : 9
VICTORY!!!, LOTZ : 9, Optimum Reward : 9
VICTORY!!!, LOTZ : 9, Optimum Reward : 9
VICTORY!!!, LOTZ : 9, Optimum Reward : 9
VICTORY!!!, LOTZ : 9, Optimum Reward : 9
VICTORY!!!, LOTZ : 9, Optimum Reward : 9
VICTORY!!!, LOTZ : 9, Optimum Reward : 9
VICTORY!!!, LOTZ : 9, Optimum Reward : 9
VICTORY!!!, LOTZ : 9, Optimum Reward : 9
VICTORY!!!, LOTZ : 9, Optimum Reward : 9
VICTORY!!!, LOTZ : 9, Optimum Reward : 9
VICTORY!!!, LOTZ : 9, Optimum Reward : 9
VICTORY!!!, LOTZ : 9, Optimum Reward : 9
VICTORY!!!, LOTZ : 9, Optimum Reward : 9
VICTORY!!!, LOTZ : 9, Optimum Reward : 9
VICTORY!!!, LOTZ : 9, Optimum Reward : 9
VICTORY!!!, LOTZ : 9, Optimum Reward : 9
VICTORY!!!, LOTZ : 9, Optimum Reward : 9
VICTORY!!!, LOTZ : 9, Optimum Reward : 9
VICTORY!!!, LOTZ : 9, Optimum Reward : 9
VICTORY!!!, LOTZ : 9, Optimum Reward : 9
VICTORY!!!, LOTZ : 9, Optimum Reward : 9
VICTORY!!!, LOTZ : 9, Optimum Reward : 9
VICTORY!!!, LOTZ : 9, Optimum Reward : 9
VICTORY!!!, LOTZ : 9, Optimum Reward : 9
VICTORY!!!, LOTZ : 9, Optimum Reward : 9
VICTORY!!!, LOTZ : 9, Optimum Reward : 9
VICTORY!!!, LOTZ : 9, Optimum Reward : 9
VICTORY!!!, LOTZ : 9, Optimum Reward : 9
VICTORY!!!, LOTZ : 9, Optimum Reward : 9
VICTORY!!!, LOTZ : 9, Optimum Reward : 9
VICTORY!!!, LOTZ : 9, Optimum Reward : 9
VICTORY!!!, LOTZ : 9, Optimum Reward : 9
VICTORY!!!, LOTZ : 9, Optimum Reward : 9
VICTORY!!!, LOTZ : 9, Optimum Reward : 9
VICTORY!!!, LOTZ : 9, Optimum Reward : 9
VICTORY!!!, LOTZ : 9, Optimum Reward : 9
VICTORY!!!, LOTZ : 9, Optimum Reward : 9
VICTORY!!!, LOTZ : 9, Optimum Reward : 9
VICTORY!!!, LOTZ : 9, Optimum Reward : 9
VICTORY!!!, LOTZ : 9, Optimum Reward : 9
VICTORY!!!, LOTZ : 9, Optimum Reward : 9
VICTORY!!!, LOTZ : 9, Optimum Reward : 9
VICTORY!!!, LOTZ : 9, Optimum Reward : 9
VICTORY!!!, LOTZ : 9, Optimum Reward : 9
VICTORY!!!, LOTZ : 9, Optimum Reward : 9
VICTORY!!!, LOTZ : 9, Optimum Reward : 9
VICTORY!!!, LOTZ : 9, Optimum Reward : 9
VICTORY!!!, LOTZ : 9, Optimum Reward : 9

Epoch #1:  83%|########3 | 15000/18000 [00:14<00:02, 1125.95it/s, agent0/loss=5.384, env_step=14400, gradient_step=240, len=5, n/ep=105, n/st=600, rew=2.22]
VICTORY!!!, LOTZ : 9, Optimum Reward : 9
VICTORY!!!, LOTZ : 9, Optimum Reward : 9
VICTORY!!!, LOTZ : 9, Optimum Reward : 9
VICTORY!!!, LOTZ : 9, Optimum Reward : 9
VICTORY!!!, LOTZ : 9, Optimum Reward : 9
VICTORY!!!, LOTZ : 9, Optimum Reward : 9
VICTORY!!!, LOTZ : 9, Optimum Reward : 9
VICTORY!!!, LOTZ : 9, Optimum Reward : 9
VICTORY!!!, LOTZ : 9, Optimum Reward : 9
VICTORY!!!, LOTZ : 9, Optimum Reward : 9
VICTORY!!!, LOTZ : 9, Optimum Reward : 9
VICTORY!!!, LOTZ : 9, Optimum Reward : 9
VICTORY!!!, LOTZ : 9, Optimum Reward : 9
VICTORY!!!, LOTZ : 9, Optimum Reward : 9
VICTORY!!!, LOTZ : 9, Optimum Reward : 9
VICTORY!!!, LOTZ : 9, Optimum Reward : 9
VICTORY!!!, LOTZ : 9, Optimum Reward : 9
VICTORY!!!, LOTZ : 9, Optimum Reward : 9
VICTORY!!!, LOTZ : 9, Optimum Reward : 9
VICTORY!!!, LOTZ : 9, Optimum Reward : 9
VICTORY!!!, LOTZ : 9, Optimum Reward : 9
VICTORY!!!, LOTZ : 9, Optimum Reward : 9
VICTORY!!!, LOTZ : 9, Optimum Reward : 9
VICTORY!!!, LOTZ : 9, Optimum Reward : 9
VICTORY!!!, LOTZ : 9, Optimum Reward : 9
VICTORY!!!, LOTZ : 9, Optimum Reward : 9
VICTORY!!!, LOTZ : 9, Optimum Reward : 9
VICTORY!!!, LOTZ : 9, Optimum Reward : 9

Epoch #1:  90%|######### | 16200/18000 [00:16<00:01, 1002.16it/s, agent0/loss=5.623, env_step=16200, gradient_step=270, len=5, n/ep=104, n/st=600, rew=3.05]
VICTORY!!!, LOTZ : 9, Optimum Reward : 9
VICTORY!!!, LOTZ : 9, Optimum Reward : 9
VICTORY!!!, LOTZ : 9, Optimum Reward : 9
VICTORY!!!, LOTZ : 9, Optimum Reward : 9
VICTORY!!!, LOTZ : 9, Optimum Reward : 9
VICTORY!!!, LOTZ : 9, Optimum Reward : 9
VICTORY!!!, LOTZ : 9, Optimum Reward : 9
VICTORY!!!, LOTZ : 9, Optimum Reward : 9
VICTORY!!!, LOTZ : 9, Optimum Reward : 9
VICTORY!!!, LOTZ : 9, Optimum Reward : 9
VICTORY!!!, LOTZ : 9, Optimum Reward : 9
VICTORY!!!, LOTZ : 9, Optimum Reward : 9
VICTORY!!!, LOTZ : 9, Optimum Reward : 9
VICTORY!!!, LOTZ : 9, Optimum Reward : 9
VICTORY!!!, LOTZ : 9, Optimum Reward : 9
VICTORY!!!, LOTZ : 9, Optimum Reward : 9
VICTORY!!!, LOTZ : 9, Optimum Reward : 9
VICTORY!!!, LOTZ : 9, Optimum Reward : 9
VICTORY!!!, LOTZ : 9, Optimum Reward : 9
VICTORY!!!, LOTZ : 9, Optimum Reward : 9
VICTORY!!!, LOTZ : 9, Optimum Reward : 9
VICTORY!!!, LOTZ : 9, Optimum Reward : 9
VICTORY!!!, LOTZ : 9, Optimum Reward : 9
VICTORY!!!, LOTZ : 9, Optimum Reward : 9
VICTORY!!!, LOTZ : 9, Optimum Reward : 9
VICTORY!!!, LOTZ : 9, Optimum Reward : 9
VICTORY!!!, LOTZ : 9, Optimum Reward : 9
VICTORY!!!, LOTZ : 9, Optimum Reward : 9
VICTORY!!!, LOTZ : 9, Optimum Reward : 9
Traceback (most recent call last):
  File "s:\Python311\Lib\site-packages\IPython\core\interactiveshell.py", line 3548, in run_code
    exec(code_obj, self.user_global_ns, self.user_ns)
  File "C:\Users\andre\AppData\Local\Temp\ipykernel_16592\420059562.py", line 126, in <module>
    result = offPolicyTrainer.run()
             ^^^^^^^^^^^^^^^^^^^^^^
  File "s:\Python311\Lib\site-packages\tianshou\trainer\base.py", line 478, in run
    deque(self, maxlen=0)  # feed the entire iterator into a zero-length deque
    ^^^^^^^^^^^^^^^^^^^^^
  File "s:\Python311\Lib\site-packages\tianshou\trainer\base.py", line 304, in __next__
    data, result, self.stop_fn_flag = self.train_step()
                                      ^^^^^^^^^^^^^^^^^
  File "s:\Python311\Lib\site-packages\tianshou\trainer\base.py", line 412, in train_step
    result = self.train_collector.collect(
             ^^^^^^^^^^^^^^^^^^^^^^^^^^^^^
  File "s:\Python311\Lib\site-packages\tianshou\data\collector.py", line 301, in collect
    self.data.update(
  File "s:\Python311\Lib\site-packages\tianshou\data\batch.py", line 834, in update
    self.update(kwargs)
  File "s:\Python311\Lib\site-packages\tianshou\data\batch.py", line 837, in update
    self.__dict__[batch_key] = _parse_value(obj)
                               ^^^^^^^^^^^^^^^^^
  File "s:\Python311\Lib\site-packages\tianshou\data\batch.py", line 163, in _parse_value
    obj = Batch(obj)  # list of dict / Batch
          ^^^^^^^^^^
  File "s:\Python311\Lib\site-packages\tianshou\data\batch.py", line 419, in __init__
    self.stack_(batch_dict)
  File "s:\Python311\Lib\site-packages\tianshou\data\batch.py", line 754, in stack_
    self.__dict__[shared_key] = Batch.stack(value, axis)
                                ^^^^^^^^^^^^^^^^^^^^^^^^
  File "s:\Python311\Lib\site-packages\tianshou\data\batch.py", line 800, in stack
    batch.stack_(batches, axis)
  File "s:\Python311\Lib\site-packages\tianshou\data\batch.py", line 738, in stack_
    keys_map = [
               ^
  File "s:\Python311\Lib\site-packages\tianshou\data\batch.py", line 739, in <listcomp>
    {
  File "s:\Python311\Lib\site-packages\tianshou\data\batch.py", line 742, in <setcomp>
    if not (isinstance(obj, BatchProtocol) and obj.is_empty())
            ^^^^^^^^^^^^^^^^^^^^^^^^^^^^^^
  File "s:\Python311\Lib\typing.py", line 2003, in __instancecheck__
    for attr in _get_protocol_attrs(cls)):
                ^^^^^^^^^^^^^^^^^^^^^^^^
  File "s:\Python311\Lib\typing.py", line -1, in _get_protocol_attrs
KeyboardInterrupt
During handling of the above exception, another exception occurred:
Traceback (most recent call last):
  File "s:\Python311\Lib\site-packages\IPython\core\interactiveshell.py", line 2142, in showtraceback
    stb = self.InteractiveTB.structured_traceback(
          ^^^^^^^^^^^^^^^^^^^^^^^^^^^^^^^^^^^^^^^^
  File "s:\Python311\Lib\site-packages\IPython\core\ultratb.py", line 1435, in structured_traceback
    return FormattedTB.structured_traceback(
           ^^^^^^^^^^^^^^^^^^^^^^^^^^^^^^^^^
  File "s:\Python311\Lib\site-packages\IPython\core\ultratb.py", line 1326, in structured_traceback
    return VerboseTB.structured_traceback(
           ^^^^^^^^^^^^^^^^^^^^^^^^^^^^^^^
  File "s:\Python311\Lib\site-packages\IPython\core\ultratb.py", line 1173, in structured_traceback
    formatted_exception = self.format_exception_as_a_whole(etype, evalue, etb, number_of_lines_of_context,
                          ^^^^^^^^^^^^^^^^^^^^^^^^^^^^^^^^^^^^^^^^^^^^^^^^^^^^^^^^^^^^^^^^^^^^^^^^^^^^^^^^
  File "s:\Python311\Lib\site-packages\IPython\core\ultratb.py", line 1088, in format_exception_as_a_whole
    frames.append(self.format_record(record))
                  ^^^^^^^^^^^^^^^^^^^^^^^^^^
  File "s:\Python311\Lib\site-packages\IPython\core\ultratb.py", line 970, in format_record
    frame_info.lines, Colors, self.has_colors, lvals
    ^^^^^^^^^^^^^^^^
  File "s:\Python311\Lib\site-packages\IPython\core\ultratb.py", line 792, in lines
    return self._sd.lines
           ^^^^^^^^^^^^^^
  File "s:\Python311\Lib\site-packages\stack_data\utils.py", line 145, in cached_property_wrapper
    value = obj.__dict__[self.func.__name__] = self.func(obj)
                                               ^^^^^^^^^^^^^^
  File "s:\Python311\Lib\site-packages\stack_data\core.py", line 734, in lines
    pieces = self.included_pieces
             ^^^^^^^^^^^^^^^^^^^^
  File "s:\Python311\Lib\site-packages\stack_data\utils.py", line 145, in cached_property_wrapper
    value = obj.__dict__[self.func.__name__] = self.func(obj)
                                               ^^^^^^^^^^^^^^
  File "s:\Python311\Lib\site-packages\stack_data\core.py", line 681, in included_pieces
    pos = scope_pieces.index(self.executing_piece)
                             ^^^^^^^^^^^^^^^^^^^^
  File "s:\Python311\Lib\site-packages\stack_data\utils.py", line 145, in cached_property_wrapper
    value = obj.__dict__[self.func.__name__] = self.func(obj)
                                               ^^^^^^^^^^^^^^
  File "s:\Python311\Lib\site-packages\stack_data\core.py", line 660, in executing_piece
    return only(
           ^^^^^
  File "s:\Python311\Lib\site-packages\executing\executing.py", line 116, in only
    raise NotOneValueFound('Expected one value, found 0')
executing.executing.NotOneValueFound: Expected one value, found 0
